This is pdfTeX, Version 3.14159265-2.6-1.40.20 (MiKTeX 2.9.7050 64-bit) (preloaded format=pdflatex 2019.6.20)  20 AUG 2019 13:55
entering extended mode
**./CautionaryNoteEstimatingEffectSize.tex
(CautionaryNoteEstimatingEffectSize.tex
LaTeX2e <2018-12-01>
("C:\Program Files\MiKTeX 2.9\tex/latex/base\article.cls"
Document Class: article 2018/09/03 v1.4i Standard LaTeX document class
("C:\Program Files\MiKTeX 2.9\tex/latex/base\size10.clo"
File: size10.clo 2018/09/03 v1.4i Standard LaTeX file (size option)
)
\c@part=\count80
\c@section=\count81
\c@subsection=\count82
\c@subsubsection=\count83
\c@paragraph=\count84
\c@subparagraph=\count85
\c@figure=\count86
\c@table=\count87
\abovecaptionskip=\skip41
\belowcaptionskip=\skip42
\bibindent=\dimen102
)
("C:\Program Files\MiKTeX 2.9\tex/generic/babel\babel.sty"
Package: babel 2019/06/03 3.32 The Babel package

("C:\Program Files\MiKTeX 2.9\tex/generic/babel\switch.def"
File: switch.def 2019/06/03 3.32 Babel switching mechanism
)
*************************************
* Local config file bblopts.cfg used
*
(C:\Users\donvd\AppData\Roaming\MiKTeX\2.9\tex/latex/arabi\bblopts.cfg
File: bblopts.cfg 2005/09/08 v0.1 add Arabic and Farsi to "declared" options of
 babel
)
("C:\Program Files\MiKTeX 2.9\tex/latex/babel-english\english.ldf"
Language: english 2017/06/06 v3.3r English support from the babel system

("C:\Program Files\MiKTeX 2.9\tex/generic/babel\babel.def"
File: babel.def 2019/06/03 3.32 Babel common definitions
\babel@savecnt=\count88
\U@D=\dimen103

("C:\Program Files\MiKTeX 2.9\tex/generic/babel\txtbabel.def")
\bbl@dirlevel=\count89
)
\l@canadian = a dialect from \language\l@american 
\l@australian = a dialect from \language\l@british 
\l@newzealand = a dialect from \language\l@british 
))
("C:\Program Files\MiKTeX 2.9\tex/latex/base\inputenc.sty"
Package: inputenc 2018/08/11 v1.3c Input encoding file
\inpenc@prehook=\toks14
\inpenc@posthook=\toks15

(C:\Users\donvd\AppData\Roaming\MiKTeX\2.9\tex/latex/ucs\utf8x.def
File: utf8x.def 2004/10/17 UCS: Input encoding UTF-8
))
(C:\Users\donvd\AppData\Roaming\MiKTeX\2.9\tex/latex/ucs\ucs.sty
Package: ucs 2013/05/11 v2.2 UCS: Unicode input support

(C:\Users\donvd\AppData\Roaming\MiKTeX\2.9\tex/latex/ucs\uni-global.def
File: uni-global.def 2013/05/13 UCS: Unicode global data
)
\uc@secondtry=\count90
\uc@combtoks=\toks16
\uc@combtoksb=\toks17
\uc@temptokena=\toks18
)
(C:\Users\donvd\AppData\Roaming\MiKTeX\2.9\tex/latex/apacite\apacite.sty
Package: apacite 2013/07/21 v6.03 APA citation
\c@BibCnt=\count91
\bibleftmargin=\skip43
\bibindent=\skip44
\bibparsep=\skip45
\bibitemsep=\skip46
\biblabelsep=\skip47
)
(C:\Users\donvd\AppData\Roaming\MiKTeX\2.9\tex/latex/preprint\authblk.sty
Package: authblk 2001/02/27 1.3 (PWD)
\affilsep=\skip48
\@affilsep=\skip49
\c@Maxaffil=\count92
\c@authors=\count93
\c@affil=\count94
)
(C:\Users\donvd\AppData\Roaming\MiKTeX\2.9\tex/latex/xcolor\xcolor.sty
Package: xcolor 2016/05/11 v2.12 LaTeX color extensions (UK)

("C:\Program Files\MiKTeX 2.9\tex/latex/graphics-cfg\color.cfg"
File: color.cfg 2016/01/02 v1.6 sample color configuration
)
Package xcolor Info: Driver file: pdftex.def on input line 225.

("C:\Program Files\MiKTeX 2.9\tex/latex/graphics-def\pdftex.def"
File: pdftex.def 2018/01/08 v1.0l Graphics/color driver for pdftex
)
Package xcolor Info: Model `cmy' substituted by `cmy0' on input line 1348.
Package xcolor Info: Model `hsb' substituted by `rgb' on input line 1352.
Package xcolor Info: Model `RGB' extended on input line 1364.
Package xcolor Info: Model `HTML' substituted by `rgb' on input line 1366.
Package xcolor Info: Model `Hsb' substituted by `hsb' on input line 1367.
Package xcolor Info: Model `tHsb' substituted by `hsb' on input line 1368.
Package xcolor Info: Model `HSB' substituted by `hsb' on input line 1369.
Package xcolor Info: Model `Gray' substituted by `gray' on input line 1370.
Package xcolor Info: Model `wave' substituted by `hsb' on input line 1371.
)
("C:\Program Files\MiKTeX 2.9\tex/latex/amsmath\amsmath.sty"
Package: amsmath 2018/12/01 v2.17b AMS math features
\@mathmargin=\skip50

For additional information on amsmath, use the `?' option.
("C:\Program Files\MiKTeX 2.9\tex/latex/amsmath\amstext.sty"
Package: amstext 2000/06/29 v2.01 AMS text

("C:\Program Files\MiKTeX 2.9\tex/latex/amsmath\amsgen.sty"
File: amsgen.sty 1999/11/30 v2.0 generic functions
\@emptytoks=\toks19
\ex@=\dimen104
))
("C:\Program Files\MiKTeX 2.9\tex/latex/amsmath\amsbsy.sty"
Package: amsbsy 1999/11/29 v1.2d Bold Symbols
\pmbraise@=\dimen105
)
("C:\Program Files\MiKTeX 2.9\tex/latex/amsmath\amsopn.sty"
Package: amsopn 2016/03/08 v2.02 operator names
)
\inf@bad=\count95
LaTeX Info: Redefining \frac on input line 223.
\uproot@=\count96
\leftroot@=\count97
LaTeX Info: Redefining \overline on input line 385.
\classnum@=\count98
\DOTSCASE@=\count99
LaTeX Info: Redefining \ldots on input line 482.
LaTeX Info: Redefining \dots on input line 485.
LaTeX Info: Redefining \cdots on input line 606.
\Mathstrutbox@=\box27
\strutbox@=\box28
\big@size=\dimen106
LaTeX Font Info:    Redeclaring font encoding OML on input line 729.
LaTeX Font Info:    Redeclaring font encoding OMS on input line 730.
\macc@depth=\count100
\c@MaxMatrixCols=\count101
\dotsspace@=\muskip10
\c@parentequation=\count102
\dspbrk@lvl=\count103
\tag@help=\toks20
\row@=\count104
\column@=\count105
\maxfields@=\count106
\andhelp@=\toks21
\eqnshift@=\dimen107
\alignsep@=\dimen108
\tagshift@=\dimen109
\tagwidth@=\dimen110
\totwidth@=\dimen111
\lineht@=\dimen112
\@envbody=\toks22
\multlinegap=\skip51
\multlinetaggap=\skip52
\mathdisplay@stack=\toks23
LaTeX Info: Redefining \[ on input line 2844.
LaTeX Info: Redefining \] on input line 2845.
)
("C:\Program Files\MiKTeX 2.9\tex/latex/graphics\graphicx.sty"
Package: graphicx 2017/06/01 v1.1a Enhanced LaTeX Graphics (DPC,SPQR)

("C:\Program Files\MiKTeX 2.9\tex/latex/graphics\keyval.sty"
Package: keyval 2014/10/28 v1.15 key=value parser (DPC)
\KV@toks@=\toks24
)
("C:\Program Files\MiKTeX 2.9\tex/latex/graphics\graphics.sty"
Package: graphics 2017/06/25 v1.2c Standard LaTeX Graphics (DPC,SPQR)

("C:\Program Files\MiKTeX 2.9\tex/latex/graphics\trig.sty"
Package: trig 2016/01/03 v1.10 sin cos tan (DPC)
)
("C:\Program Files\MiKTeX 2.9\tex/latex/graphics-cfg\graphics.cfg"
File: graphics.cfg 2016/06/04 v1.11 sample graphics configuration
)
Package graphics Info: Driver file: pdftex.def on input line 99.
)
\Gin@req@height=\dimen113
\Gin@req@width=\dimen114
)
(C:\Users\donvd\AppData\Roaming\MiKTeX\2.9\tex/latex/chngcntr\chngcntr.sty
Package: chngcntr 2018/04/09 v1.1a change counter resetting
Package chngcntr Info: \counterwithout already defined.
(chngcntr)             Quitting chngcntr on input line 21.
)
(C:\Users\donvd\AppData\Roaming\MiKTeX\2.9\tex/latex/todonotes\todonotes.sty
Package: todonotes 2019/01/24 v1.1.2 Todonotes source and documentation.
Package: todonotes 2018/11/22

("C:\Program Files\MiKTeX 2.9\tex/latex/base\ifthen.sty"
Package: ifthen 2014/09/29 v1.1c Standard LaTeX ifthen package (DPC)
)
("C:\Program Files\MiKTeX 2.9\tex/latex/xkeyval\xkeyval.sty"
Package: xkeyval 2014/12/03 v2.7a package option processing (HA)

("C:\Program Files\MiKTeX 2.9\tex/generic/xkeyval\xkeyval.tex"
("C:\Program Files\MiKTeX 2.9\tex/generic/xkeyval\xkvutils.tex"
\XKV@toks=\toks25
\XKV@tempa@toks=\toks26
)
\XKV@depth=\count107
File: xkeyval.tex 2014/12/03 v2.7a key=value parser (HA)
))
(C:\Users\donvd\AppData\Roaming\MiKTeX\2.9\tex/latex/pgf/frontendlayer\tikz.sty
(C:\Users\donvd\AppData\Roaming\MiKTeX\2.9\tex/latex/pgf/basiclayer\pgf.sty
(C:\Users\donvd\AppData\Roaming\MiKTeX\2.9\tex/latex/pgf/utilities\pgfrcs.sty
(C:\Users\donvd\AppData\Roaming\MiKTeX\2.9\tex/generic/pgf/utilities\pgfutil-co
mmon.tex
\pgfutil@everybye=\toks27
\pgfutil@tempdima=\dimen115
\pgfutil@tempdimb=\dimen116

(C:\Users\donvd\AppData\Roaming\MiKTeX\2.9\tex/generic/pgf/utilities\pgfutil-co
mmon-lists.tex))
(C:\Users\donvd\AppData\Roaming\MiKTeX\2.9\tex/generic/pgf/utilities\pgfutil-la
tex.def
\pgfutil@abb=\box29
 (C:\Users\donvd\AppData\Roaming\MiKTeX\2.9\tex/latex/ms\everyshi.sty
Package: everyshi 2001/05/15 v3.00 EveryShipout Package (MS)
))
(C:\Users\donvd\AppData\Roaming\MiKTeX\2.9\tex/generic/pgf/utilities\pgfrcs.cod
e.tex
(C:\Users\donvd\AppData\Roaming\MiKTeX\2.9\tex/generic/pgf\pgf.revision.tex)
Package: pgfrcs 2019/05/09 v3.1.3 (3.1.3)
))
Package: pgf 2019/05/09 v3.1.3 (3.1.3)

(C:\Users\donvd\AppData\Roaming\MiKTeX\2.9\tex/latex/pgf/basiclayer\pgfcore.sty

(C:\Users\donvd\AppData\Roaming\MiKTeX\2.9\tex/latex/pgf/systemlayer\pgfsys.sty

(C:\Users\donvd\AppData\Roaming\MiKTeX\2.9\tex/generic/pgf/systemlayer\pgfsys.c
ode.tex
Package: pgfsys 2019/05/09 v3.1.3 (3.1.3)

(C:\Users\donvd\AppData\Roaming\MiKTeX\2.9\tex/generic/pgf/utilities\pgfkeys.co
de.tex
\pgfkeys@pathtoks=\toks28
\pgfkeys@temptoks=\toks29

(C:\Users\donvd\AppData\Roaming\MiKTeX\2.9\tex/generic/pgf/utilities\pgfkeysfil
tered.code.tex
\pgfkeys@tmptoks=\toks30
))
\pgf@x=\dimen117
\pgf@y=\dimen118
\pgf@xa=\dimen119
\pgf@ya=\dimen120
\pgf@xb=\dimen121
\pgf@yb=\dimen122
\pgf@xc=\dimen123
\pgf@yc=\dimen124
\pgf@xd=\dimen125
\pgf@yd=\dimen126
\w@pgf@writea=\write3
\r@pgf@reada=\read1
\c@pgf@counta=\count108
\c@pgf@countb=\count109
\c@pgf@countc=\count110
\c@pgf@countd=\count111
\t@pgf@toka=\toks31
\t@pgf@tokb=\toks32
\t@pgf@tokc=\toks33
\pgf@sys@id@count=\count112

(C:\Users\donvd\AppData\Roaming\MiKTeX\2.9\tex/generic/pgf/systemlayer\pgf.cfg
File: pgf.cfg 2019/05/09 v3.1.3 (3.1.3)
)
Driver file for pgf: pgfsys-pdftex.def

(C:\Users\donvd\AppData\Roaming\MiKTeX\2.9\tex/generic/pgf/systemlayer\pgfsys-p
dftex.def
File: pgfsys-pdftex.def 2019/05/09 v3.1.3 (3.1.3)

(C:\Users\donvd\AppData\Roaming\MiKTeX\2.9\tex/generic/pgf/systemlayer\pgfsys-c
ommon-pdf.def
File: pgfsys-common-pdf.def 2019/05/09 v3.1.3 (3.1.3)
)))
(C:\Users\donvd\AppData\Roaming\MiKTeX\2.9\tex/generic/pgf/systemlayer\pgfsysso
ftpath.code.tex
File: pgfsyssoftpath.code.tex 2019/05/09 v3.1.3 (3.1.3)
\pgfsyssoftpath@smallbuffer@items=\count113
\pgfsyssoftpath@bigbuffer@items=\count114
)
(C:\Users\donvd\AppData\Roaming\MiKTeX\2.9\tex/generic/pgf/systemlayer\pgfsyspr
otocol.code.tex
File: pgfsysprotocol.code.tex 2019/05/09 v3.1.3 (3.1.3)
))
(C:\Users\donvd\AppData\Roaming\MiKTeX\2.9\tex/generic/pgf/basiclayer\pgfcore.c
ode.tex
Package: pgfcore 2019/05/09 v3.1.3 (3.1.3)

(C:\Users\donvd\AppData\Roaming\MiKTeX\2.9\tex/generic/pgf/math\pgfmath.code.te
x
(C:\Users\donvd\AppData\Roaming\MiKTeX\2.9\tex/generic/pgf/math\pgfmathcalc.cod
e.tex
(C:\Users\donvd\AppData\Roaming\MiKTeX\2.9\tex/generic/pgf/math\pgfmathutil.cod
e.tex)
(C:\Users\donvd\AppData\Roaming\MiKTeX\2.9\tex/generic/pgf/math\pgfmathparser.c
ode.tex
\pgfmath@dimen=\dimen127
\pgfmath@count=\count115
\pgfmath@box=\box30
\pgfmath@toks=\toks34
\pgfmath@stack@operand=\toks35
\pgfmath@stack@operation=\toks36
)
(C:\Users\donvd\AppData\Roaming\MiKTeX\2.9\tex/generic/pgf/math\pgfmathfunction
s.code.tex
(C:\Users\donvd\AppData\Roaming\MiKTeX\2.9\tex/generic/pgf/math\pgfmathfunction
s.basic.code.tex)
(C:\Users\donvd\AppData\Roaming\MiKTeX\2.9\tex/generic/pgf/math\pgfmathfunction
s.trigonometric.code.tex)
(C:\Users\donvd\AppData\Roaming\MiKTeX\2.9\tex/generic/pgf/math\pgfmathfunction
s.random.code.tex)
(C:\Users\donvd\AppData\Roaming\MiKTeX\2.9\tex/generic/pgf/math\pgfmathfunction
s.comparison.code.tex)
(C:\Users\donvd\AppData\Roaming\MiKTeX\2.9\tex/generic/pgf/math\pgfmathfunction
s.base.code.tex)
(C:\Users\donvd\AppData\Roaming\MiKTeX\2.9\tex/generic/pgf/math\pgfmathfunction
s.round.code.tex)
(C:\Users\donvd\AppData\Roaming\MiKTeX\2.9\tex/generic/pgf/math\pgfmathfunction
s.misc.code.tex)
(C:\Users\donvd\AppData\Roaming\MiKTeX\2.9\tex/generic/pgf/math\pgfmathfunction
s.integerarithmetics.code.tex)))
(C:\Users\donvd\AppData\Roaming\MiKTeX\2.9\tex/generic/pgf/math\pgfmathfloat.co
de.tex
\c@pgfmathroundto@lastzeros=\count116
))
(C:\Users\donvd\AppData\Roaming\MiKTeX\2.9\tex/generic/pgf/math\pgfint.code.tex
)
(C:\Users\donvd\AppData\Roaming\MiKTeX\2.9\tex/generic/pgf/basiclayer\pgfcorepo
ints.code.tex
File: pgfcorepoints.code.tex 2019/05/09 v3.1.3 (3.1.3)
\pgf@picminx=\dimen128
\pgf@picmaxx=\dimen129
\pgf@picminy=\dimen130
\pgf@picmaxy=\dimen131
\pgf@pathminx=\dimen132
\pgf@pathmaxx=\dimen133
\pgf@pathminy=\dimen134
\pgf@pathmaxy=\dimen135
\pgf@xx=\dimen136
\pgf@xy=\dimen137
\pgf@yx=\dimen138
\pgf@yy=\dimen139
\pgf@zx=\dimen140
\pgf@zy=\dimen141
)
(C:\Users\donvd\AppData\Roaming\MiKTeX\2.9\tex/generic/pgf/basiclayer\pgfcorepa
thconstruct.code.tex
File: pgfcorepathconstruct.code.tex 2019/05/09 v3.1.3 (3.1.3)
\pgf@path@lastx=\dimen142
\pgf@path@lasty=\dimen143
)
(C:\Users\donvd\AppData\Roaming\MiKTeX\2.9\tex/generic/pgf/basiclayer\pgfcorepa
thusage.code.tex
File: pgfcorepathusage.code.tex 2019/05/09 v3.1.3 (3.1.3)
\pgf@shorten@end@additional=\dimen144
\pgf@shorten@start@additional=\dimen145
)
(C:\Users\donvd\AppData\Roaming\MiKTeX\2.9\tex/generic/pgf/basiclayer\pgfcoresc
opes.code.tex
File: pgfcorescopes.code.tex 2019/05/09 v3.1.3 (3.1.3)
\pgfpic=\box31
\pgf@hbox=\box32
\pgf@layerbox@main=\box33
\pgf@picture@serial@count=\count117
)
(C:\Users\donvd\AppData\Roaming\MiKTeX\2.9\tex/generic/pgf/basiclayer\pgfcoregr
aphicstate.code.tex
File: pgfcoregraphicstate.code.tex 2019/05/09 v3.1.3 (3.1.3)
\pgflinewidth=\dimen146
)
(C:\Users\donvd\AppData\Roaming\MiKTeX\2.9\tex/generic/pgf/basiclayer\pgfcoretr
ansformations.code.tex
File: pgfcoretransformations.code.tex 2019/05/09 v3.1.3 (3.1.3)
\pgf@pt@x=\dimen147
\pgf@pt@y=\dimen148
\pgf@pt@temp=\dimen149
)
(C:\Users\donvd\AppData\Roaming\MiKTeX\2.9\tex/generic/pgf/basiclayer\pgfcorequ
ick.code.tex
File: pgfcorequick.code.tex 2019/05/09 v3.1.3 (3.1.3)
)
(C:\Users\donvd\AppData\Roaming\MiKTeX\2.9\tex/generic/pgf/basiclayer\pgfcoreob
jects.code.tex
File: pgfcoreobjects.code.tex 2019/05/09 v3.1.3 (3.1.3)
)
(C:\Users\donvd\AppData\Roaming\MiKTeX\2.9\tex/generic/pgf/basiclayer\pgfcorepa
thprocessing.code.tex
File: pgfcorepathprocessing.code.tex 2019/05/09 v3.1.3 (3.1.3)
)
(C:\Users\donvd\AppData\Roaming\MiKTeX\2.9\tex/generic/pgf/basiclayer\pgfcorear
rows.code.tex
File: pgfcorearrows.code.tex 2019/05/09 v3.1.3 (3.1.3)
\pgfarrowsep=\dimen150
)
(C:\Users\donvd\AppData\Roaming\MiKTeX\2.9\tex/generic/pgf/basiclayer\pgfcoresh
ade.code.tex
File: pgfcoreshade.code.tex 2019/05/09 v3.1.3 (3.1.3)
\pgf@max=\dimen151
\pgf@sys@shading@range@num=\count118
\pgf@shadingcount=\count119
)
(C:\Users\donvd\AppData\Roaming\MiKTeX\2.9\tex/generic/pgf/basiclayer\pgfcoreim
age.code.tex
File: pgfcoreimage.code.tex 2019/05/09 v3.1.3 (3.1.3)

(C:\Users\donvd\AppData\Roaming\MiKTeX\2.9\tex/generic/pgf/basiclayer\pgfcoreex
ternal.code.tex
File: pgfcoreexternal.code.tex 2019/05/09 v3.1.3 (3.1.3)
\pgfexternal@startupbox=\box34
))
(C:\Users\donvd\AppData\Roaming\MiKTeX\2.9\tex/generic/pgf/basiclayer\pgfcorela
yers.code.tex
File: pgfcorelayers.code.tex 2019/05/09 v3.1.3 (3.1.3)
)
(C:\Users\donvd\AppData\Roaming\MiKTeX\2.9\tex/generic/pgf/basiclayer\pgfcoretr
ansparency.code.tex
File: pgfcoretransparency.code.tex 2019/05/09 v3.1.3 (3.1.3)
)
(C:\Users\donvd\AppData\Roaming\MiKTeX\2.9\tex/generic/pgf/basiclayer\pgfcorepa
tterns.code.tex
File: pgfcorepatterns.code.tex 2019/05/09 v3.1.3 (3.1.3)
)
(C:\Users\donvd\AppData\Roaming\MiKTeX\2.9\tex/generic/pgf/basiclayer\pgfcorerd
f.code.tex
File: pgfcorerdf.code.tex 2019/05/09 v3.1.3 (3.1.3)
)))
(C:\Users\donvd\AppData\Roaming\MiKTeX\2.9\tex/generic/pgf/modules\pgfmodulesha
pes.code.tex
File: pgfmoduleshapes.code.tex 2019/05/09 v3.1.3 (3.1.3)
\pgfnodeparttextbox=\box35
)
(C:\Users\donvd\AppData\Roaming\MiKTeX\2.9\tex/generic/pgf/modules\pgfmoduleplo
t.code.tex
File: pgfmoduleplot.code.tex 2019/05/09 v3.1.3 (3.1.3)
)
(C:\Users\donvd\AppData\Roaming\MiKTeX\2.9\tex/latex/pgf/compatibility\pgfcomp-
version-0-65.sty
Package: pgfcomp-version-0-65 2019/05/09 v3.1.3 (3.1.3)
\pgf@nodesepstart=\dimen152
\pgf@nodesepend=\dimen153
)
(C:\Users\donvd\AppData\Roaming\MiKTeX\2.9\tex/latex/pgf/compatibility\pgfcomp-
version-1-18.sty
Package: pgfcomp-version-1-18 2019/05/09 v3.1.3 (3.1.3)
))
(C:\Users\donvd\AppData\Roaming\MiKTeX\2.9\tex/latex/pgf/utilities\pgffor.sty
(C:\Users\donvd\AppData\Roaming\MiKTeX\2.9\tex/latex/pgf/utilities\pgfkeys.sty
(C:\Users\donvd\AppData\Roaming\MiKTeX\2.9\tex/generic/pgf/utilities\pgfkeys.co
de.tex))
(C:\Users\donvd\AppData\Roaming\MiKTeX\2.9\tex/latex/pgf/math\pgfmath.sty
(C:\Users\donvd\AppData\Roaming\MiKTeX\2.9\tex/generic/pgf/math\pgfmath.code.te
x))
(C:\Users\donvd\AppData\Roaming\MiKTeX\2.9\tex/generic/pgf/utilities\pgffor.cod
e.tex
Package: pgffor 2019/05/09 v3.1.3 (3.1.3)

(C:\Users\donvd\AppData\Roaming\MiKTeX\2.9\tex/generic/pgf/math\pgfmath.code.te
x)
\pgffor@iter=\dimen154
\pgffor@skip=\dimen155
\pgffor@stack=\toks37
\pgffor@toks=\toks38
))
(C:\Users\donvd\AppData\Roaming\MiKTeX\2.9\tex/generic/pgf/frontendlayer/tikz\t
ikz.code.tex
Package: tikz 2019/05/09 v3.1.3 (3.1.3)

(C:\Users\donvd\AppData\Roaming\MiKTeX\2.9\tex/generic/pgf/libraries\pgflibrary
plothandlers.code.tex
File: pgflibraryplothandlers.code.tex 2019/05/09 v3.1.3 (3.1.3)
\pgf@plot@mark@count=\count120
\pgfplotmarksize=\dimen156
)
\tikz@lastx=\dimen157
\tikz@lasty=\dimen158
\tikz@lastxsaved=\dimen159
\tikz@lastysaved=\dimen160
\tikzleveldistance=\dimen161
\tikzsiblingdistance=\dimen162
\tikz@figbox=\box36
\tikz@figbox@bg=\box37
\tikz@tempbox=\box38
\tikz@tempbox@bg=\box39
\tikztreelevel=\count121
\tikznumberofchildren=\count122
\tikznumberofcurrentchild=\count123
\tikz@fig@count=\count124

(C:\Users\donvd\AppData\Roaming\MiKTeX\2.9\tex/generic/pgf/modules\pgfmodulemat
rix.code.tex
File: pgfmodulematrix.code.tex 2019/05/09 v3.1.3 (3.1.3)
\pgfmatrixcurrentrow=\count125
\pgfmatrixcurrentcolumn=\count126
\pgf@matrix@numberofcolumns=\count127
)
\tikz@expandcount=\count128

(C:\Users\donvd\AppData\Roaming\MiKTeX\2.9\tex/generic/pgf/frontendlayer/tikz/l
ibraries\tikzlibrarytopaths.code.tex
File: tikzlibrarytopaths.code.tex 2019/05/09 v3.1.3 (3.1.3)
)))
(C:\Users\donvd\AppData\Roaming\MiKTeX\2.9\tex/generic/pgf/frontendlayer/tikz/l
ibraries\tikzlibrarypositioning.code.tex
File: tikzlibrarypositioning.code.tex 2019/05/09 v3.1.3 (3.1.3)
)
(C:\Users\donvd\AppData\Roaming\MiKTeX\2.9\tex/generic/pgf/frontendlayer/tikz/l
ibraries\tikzlibraryshadows.code.tex
File: tikzlibraryshadows.code.tex 2019/05/09 v3.1.3 (3.1.3)

(C:\Users\donvd\AppData\Roaming\MiKTeX\2.9\tex/generic/pgf/frontendlayer/tikz/l
ibraries\tikzlibraryfadings.code.tex
File: tikzlibraryfadings.code.tex 2019/05/09 v3.1.3 (3.1.3)

(C:\Users\donvd\AppData\Roaming\MiKTeX\2.9\tex/generic/pgf/libraries\pgflibrary
fadings.code.tex
File: pgflibraryfadings.code.tex 2019/05/09 v3.1.3 (3.1.3)
))) ("C:\Program Files\MiKTeX 2.9\tex/latex/tools\calc.sty"
Package: calc 2017/05/25 v4.3 Infix arithmetic (KKT,FJ)
\calc@Acount=\count129
\calc@Bcount=\count130
\calc@Adimen=\dimen163
\calc@Bdimen=\dimen164
\calc@Askip=\skip53
\calc@Bskip=\skip54
LaTeX Info: Redefining \setlength on input line 80.
LaTeX Info: Redefining \addtolength on input line 81.
\calc@Ccount=\count131
\calc@Cskip=\skip55
)
\c@@todonotes@numberoftodonotes=\count132
)
(C:\Users\donvd\AppData\Roaming\MiKTeX\2.9\tex/latex/pgfplots\pgfplotstable.sty

(C:\Users\donvd\AppData\Roaming\MiKTeX\2.9\tex/generic/pgfplots\pgfplots.revisi
on.tex)
Package: pgfplotstable 2018/03/28 v1.16 Table typesetting and Pretty-printing (
1.16)

(C:\Users\donvd\AppData\Roaming\MiKTeX\2.9\tex/latex/pgfplots\pgfplots.sty
(C:\Users\donvd\AppData\Roaming\MiKTeX\2.9\tex/generic/pgfplots\pgfplots.revisi
on.tex)
Package: pgfplots 2018/03/28 v1.16 Data Visualization (1.16)

(C:\Users\donvd\AppData\Roaming\MiKTeX\2.9\tex/generic/pgfplots\pgfplots.code.t
ex
(C:\Users\donvd\AppData\Roaming\MiKTeX\2.9\tex/generic/pgfplots\pgfplotscore.co
de.tex
\t@pgfplots@toka=\toks39
\t@pgfplots@tokb=\toks40
\t@pgfplots@tokc=\toks41
\pgfplots@tmpa=\dimen165
\c@pgfplots@coordindex=\count133
\c@pgfplots@scanlineindex=\count134

(C:\Users\donvd\AppData\Roaming\MiKTeX\2.9\tex/generic/pgfplots/sys\pgfplotssys
generic.code.tex))
(C:\Users\donvd\AppData\Roaming\MiKTeX\2.9\tex/generic/pgfplots/libs\pgfplotsli
brary.code.tex)
(C:\Users\donvd\AppData\Roaming\MiKTeX\2.9\tex/generic/pgfplots/oldpgfcompatib\
pgfplotsoldpgfsupp_loader.code.tex
(C:\Users\donvd\AppData\Roaming\MiKTeX\2.9\tex/generic/pgf/libraries\pgflibrary
fpu.code.tex)
Package pgfplots: loading complementary arithmetics for your pgf version...

(C:\Users\donvd\AppData\Roaming\MiKTeX\2.9\tex/generic/pgfplots/oldpgfcompatib\
pgfplotsoldpgfsupp_pgflibraryfpu.code.tex)
(C:\Users\donvd\AppData\Roaming\MiKTeX\2.9\tex/generic/pgfplots/oldpgfcompatib\
pgfplotsoldpgfsupp_pgfmathfloat.code.tex
\c@pgfmathroundto@lastzeros=\count135
))
(C:\Users\donvd\AppData\Roaming\MiKTeX\2.9\tex/generic/pgfplots/util\pgfplotsut
il.code.tex
(C:\Users\donvd\AppData\Roaming\MiKTeX\2.9\tex/generic/pgfplots/liststructure\p
gfplotsliststructure.code.tex)
(C:\Users\donvd\AppData\Roaming\MiKTeX\2.9\tex/generic/pgfplots/liststructure\p
gfplotsliststructureext.code.tex)
(C:\Users\donvd\AppData\Roaming\MiKTeX\2.9\tex/generic/pgfplots/liststructure\p
gfplotsarray.code.tex
\c@pgfplotsarray@tmp=\count136
)
(C:\Users\donvd\AppData\Roaming\MiKTeX\2.9\tex/generic/pgfplots/liststructure\p
gfplotsmatrix.code.tex)
(C:\Users\donvd\AppData\Roaming\MiKTeX\2.9\tex/generic/pgfplots/numtable\pgfplo
tstableshared.code.tex
\c@pgfplotstable@counta=\count137
\t@pgfplotstable@a=\toks42
)
(C:\Users\donvd\AppData\Roaming\MiKTeX\2.9\tex/generic/pgfplots/liststructure\p
gfplotsdeque.code.tex)
(C:\Users\donvd\AppData\Roaming\MiKTeX\2.9\tex/generic/pgfplots/util\pgfplotsbi
nary.code.tex
(C:\Users\donvd\AppData\Roaming\MiKTeX\2.9\tex/generic/pgfplots/util\pgfplotsbi
nary.data.code.tex))
(C:\Users\donvd\AppData\Roaming\MiKTeX\2.9\tex/generic/pgfplots/util\pgfplotsut
il.verb.code.tex)
(C:\Users\donvd\AppData\Roaming\MiKTeX\2.9\tex/generic/pgfplots/libs\pgflibrary
pgfplots.surfshading.code.tex
\c@pgfplotslibrarysurf@no=\count138

(C:\Users\donvd\AppData\Roaming\MiKTeX\2.9\tex/generic/pgfplots/sys\pgflibraryp
gfplots.surfshading.pgfsys-pdftex.def)))
(C:\Users\donvd\AppData\Roaming\MiKTeX\2.9\tex/generic/pgfplots/util\pgfplotsco
lormap.code.tex
(C:\Users\donvd\AppData\Roaming\MiKTeX\2.9\tex/generic/pgfplots/util\pgfplotsco
lor.code.tex))
(C:\Users\donvd\AppData\Roaming\MiKTeX\2.9\tex/generic/pgfplots\pgfplotsstacked
plots.code.tex)
(C:\Users\donvd\AppData\Roaming\MiKTeX\2.9\tex/generic/pgfplots\pgfplotsplothan
dlers.code.tex
(C:\Users\donvd\AppData\Roaming\MiKTeX\2.9\tex/generic/pgfplots\pgfplotsmeshplo
thandler.code.tex
(C:\Users\donvd\AppData\Roaming\MiKTeX\2.9\tex/generic/pgfplots\pgfplotsmeshplo
timage.code.tex)))
(C:\Users\donvd\AppData\Roaming\MiKTeX\2.9\tex/generic/pgfplots\pgfplots.scalin
g.code.tex)
(C:\Users\donvd\AppData\Roaming\MiKTeX\2.9\tex/generic/pgfplots\pgfplotscoordpr
ocessing.code.tex)
(C:\Users\donvd\AppData\Roaming\MiKTeX\2.9\tex/generic/pgfplots\pgfplots.errorb
ars.code.tex)
(C:\Users\donvd\AppData\Roaming\MiKTeX\2.9\tex/generic/pgfplots\pgfplots.marker
s.code.tex)
(C:\Users\donvd\AppData\Roaming\MiKTeX\2.9\tex/generic/pgfplots\pgfplotsticks.c
ode.tex)
(C:\Users\donvd\AppData\Roaming\MiKTeX\2.9\tex/generic/pgfplots\pgfplots.paths.
code.tex)
(C:\Users\donvd\AppData\Roaming\MiKTeX\2.9\tex/generic/pgf/frontendlayer/tikz/l
ibraries\tikzlibrarydecorations.code.tex
(C:\Users\donvd\AppData\Roaming\MiKTeX\2.9\tex/generic/pgf/modules\pgfmoduledec
orations.code.tex
\pgfdecoratedcompleteddistance=\dimen166
\pgfdecoratedremainingdistance=\dimen167
\pgfdecoratedinputsegmentcompleteddistance=\dimen168
\pgfdecoratedinputsegmentremainingdistance=\dimen169
\pgf@decorate@distancetomove=\dimen170
\pgf@decorate@repeatstate=\count139
\pgfdecorationsegmentamplitude=\dimen171
\pgfdecorationsegmentlength=\dimen172
)
\tikz@lib@dec@box=\box40
)
(C:\Users\donvd\AppData\Roaming\MiKTeX\2.9\tex/generic/pgf/frontendlayer/tikz/l
ibraries\tikzlibrarydecorations.pathmorphing.code.tex
(C:\Users\donvd\AppData\Roaming\MiKTeX\2.9\tex/generic/pgf/libraries/decoration
s\pgflibrarydecorations.pathmorphing.code.tex))
(C:\Users\donvd\AppData\Roaming\MiKTeX\2.9\tex/generic/pgf/frontendlayer/tikz/l
ibraries\tikzlibrarydecorations.pathreplacing.code.tex
(C:\Users\donvd\AppData\Roaming\MiKTeX\2.9\tex/generic/pgf/libraries/decoration
s\pgflibrarydecorations.pathreplacing.code.tex))
\pgfplots@numplots=\count140
\pgfplots@xmin@reg=\dimen173
\pgfplots@xmax@reg=\dimen174
\pgfplots@ymin@reg=\dimen175
\pgfplots@ymax@reg=\dimen176
\pgfplots@zmin@reg=\dimen177
\pgfplots@zmax@reg=\dimen178
)
(C:\Users\donvd\AppData\Roaming\MiKTeX\2.9\tex/generic/pgf/frontendlayer/tikz/l
ibraries\tikzlibraryplotmarks.code.tex
File: tikzlibraryplotmarks.code.tex 2019/05/09 v3.1.3 (3.1.3)

(C:\Users\donvd\AppData\Roaming\MiKTeX\2.9\tex/generic/pgf/libraries\pgflibrary
plotmarks.code.tex
File: pgflibraryplotmarks.code.tex 2019/05/09 v3.1.3 (3.1.3)
)))
(C:\Users\donvd\AppData\Roaming\MiKTeX\2.9\tex/generic/pgfplots/numtable\pgfplo
tstable.code.tex
(C:\Users\donvd\AppData\Roaming\MiKTeX\2.9\tex/generic/pgfplots/numtable\pgfplo
tstable.coltype.code.tex))
("C:\Program Files\MiKTeX 2.9\tex/latex/tools\array.sty"
Package: array 2018/12/30 v2.4k Tabular extension package (FMi)
\col@sep=\dimen179
\ar@mcellbox=\box41
\extrarowheight=\dimen180
\NC@list=\toks43
\extratabsurround=\skip56
\backup@length=\skip57
\ar@cellbox=\box42
))
(C:\Users\donvd\AppData\Roaming\MiKTeX\2.9\tex/latex/tikzscale\tikzscale.sty
Package: tikzscale 2013/05/22 v0.2.6 tikzscale LaTeX package

(C:\Users\donvd\AppData\Roaming\MiKTeX\2.9\tex/latex/etoolbox\etoolbox.sty
Package: etoolbox 2018/08/19 v2.5f e-TeX tools for LaTeX (JAW)
\etb@tempcnta=\count141
)
(C:\Users\donvd\AppData\Roaming\MiKTeX\2.9\tex/latex/l3packages/xparse\xparse.s
ty (C:\Users\donvd\AppData\Roaming\MiKTeX\2.9\tex/latex/l3kernel\expl3.sty
Package: expl3 2019-05-28 L3 programming layer (loader) 

(C:\Users\donvd\AppData\Roaming\MiKTeX\2.9\tex/latex/l3kernel\expl3-code.tex
Package: expl3 2019-05-28 L3 programming layer (code)
\c_max_int=\count142
\l_tmpa_int=\count143
\l_tmpb_int=\count144
\g_tmpa_int=\count145
\g_tmpb_int=\count146
\g__kernel_prg_map_int=\count147
\c__ior_term_ior=\count148
\c_log_iow=\count149
\l_iow_line_count_int=\count150
\l__iow_line_target_int=\count151
\l__iow_one_indent_int=\count152
\l__iow_indent_int=\count153
\c_zero_dim=\dimen181
\c_max_dim=\dimen182
\l_tmpa_dim=\dimen183
\l_tmpb_dim=\dimen184
\g_tmpa_dim=\dimen185
\g_tmpb_dim=\dimen186
\c_zero_skip=\skip58
\c_max_skip=\skip59
\l_tmpa_skip=\skip60
\l_tmpb_skip=\skip61
\g_tmpa_skip=\skip62
\g_tmpb_skip=\skip63
\c_zero_muskip=\muskip11
\c_max_muskip=\muskip12
\l_tmpa_muskip=\muskip13
\l_tmpb_muskip=\muskip14
\g_tmpa_muskip=\muskip15
\g_tmpb_muskip=\muskip16
\l_keys_choice_int=\count154
\l__intarray_loop_int=\count155
\c__intarray_sp_dim=\dimen187
\g__intarray_font_int=\count156
\c__fp_leading_shift_int=\count157
\c__fp_middle_shift_int=\count158
\c__fp_trailing_shift_int=\count159
\c__fp_big_leading_shift_int=\count160
\c__fp_big_middle_shift_int=\count161
\c__fp_big_trailing_shift_int=\count162
\c__fp_Bigg_leading_shift_int=\count163
\c__fp_Bigg_middle_shift_int=\count164
\c__fp_Bigg_trailing_shift_int=\count165
\c__kernel_randint_max_int=\count166
\g__fp_array_int=\count167
\l__fp_array_loop_int=\count168
\l__sort_length_int=\count169
\l__sort_min_int=\count170
\l__sort_top_int=\count171
\l__sort_max_int=\count172
\l__sort_true_max_int=\count173
\l__sort_block_int=\count174
\l__sort_begin_int=\count175
\l__sort_end_int=\count176
\l__sort_A_int=\count177
\l__sort_B_int=\count178
\l__sort_C_int=\count179
\l__tl_analysis_normal_int=\count180
\l__tl_analysis_index_int=\count181
\l__tl_analysis_nesting_int=\count182
\l__tl_analysis_type_int=\count183
\l__regex_internal_a_int=\count184
\l__regex_internal_b_int=\count185
\l__regex_internal_c_int=\count186
\l__regex_balance_int=\count187
\l__regex_group_level_int=\count188
\l__regex_mode_int=\count189
\c__regex_cs_in_class_mode_int=\count190
\c__regex_cs_mode_int=\count191
\l__regex_catcodes_int=\count192
\l__regex_default_catcodes_int=\count193
\c__regex_catcode_D_int=\count194
\c__regex_catcode_S_int=\count195
\c__regex_catcode_L_int=\count196
\c__regex_catcode_O_int=\count197
\c__regex_catcode_A_int=\count198
\c__regex_all_catcodes_int=\count199
\l__regex_show_lines_int=\count266
\l__regex_min_state_int=\count267
\l__regex_max_state_int=\count268
\l__regex_left_state_int=\count269
\l__regex_right_state_int=\count270
\l__regex_capturing_group_int=\count271
\l__regex_min_pos_int=\count272
\l__regex_max_pos_int=\count273
\l__regex_curr_pos_int=\count274
\l__regex_start_pos_int=\count275
\l__regex_success_pos_int=\count276
\l__regex_curr_char_int=\count277
\l__regex_curr_catcode_int=\count278
\l__regex_last_char_int=\count279
\l__regex_case_changed_char_int=\count280
\l__regex_curr_state_int=\count281
\l__regex_step_int=\count282
\l__regex_min_active_int=\count283
\l__regex_max_active_int=\count284
\l__regex_replacement_csnames_int=\count285
\l__regex_match_count_int=\count286
\l__regex_min_submatch_int=\count287
\l__regex_submatch_int=\count288
\l__regex_zeroth_submatch_int=\count289
\g__regex_trace_regex_int=\count290
\c_empty_box=\box43
\l_tmpa_box=\box44
\l_tmpb_box=\box45
\g_tmpa_box=\box46
\g_tmpb_box=\box47
\l__box_top_dim=\dimen188
\l__box_bottom_dim=\dimen189
\l__box_left_dim=\dimen190
\l__box_right_dim=\dimen191
\l__box_top_new_dim=\dimen192
\l__box_bottom_new_dim=\dimen193
\l__box_left_new_dim=\dimen194
\l__box_right_new_dim=\dimen195
\l__box_internal_box=\box48
\l__coffin_internal_box=\box49
\l__coffin_internal_dim=\dimen196
\l__coffin_offset_x_dim=\dimen197
\l__coffin_offset_y_dim=\dimen198
\l__coffin_x_dim=\dimen199
\l__coffin_y_dim=\dimen256
\l__coffin_x_prime_dim=\dimen257
\l__coffin_y_prime_dim=\dimen258
\c_empty_coffin=\box50
\l__coffin_aligned_coffin=\box51
\l__coffin_aligned_internal_coffin=\box52
\l_tmpa_coffin=\box53
\l_tmpb_coffin=\box54
\g_tmpa_coffin=\box55
\g_tmpb_coffin=\box56
\l__coffin_bounding_shift_dim=\dimen259
\l__coffin_left_corner_dim=\dimen260
\l__coffin_right_corner_dim=\dimen261
\l__coffin_bottom_corner_dim=\dimen262
\l__coffin_top_corner_dim=\dimen263
\l__coffin_scaled_total_height_dim=\dimen264
\l__coffin_scaled_width_dim=\dimen265
\c__coffin_empty_coffin=\box57
\l__coffin_display_coffin=\box58
\l__coffin_display_coord_coffin=\box59
\l__coffin_display_pole_coffin=\box60
\l__coffin_display_offset_dim=\dimen266
\l__coffin_display_x_dim=\dimen267
\l__coffin_display_y_dim=\dimen268
\g__file_internal_ior=\read2
\l__seq_internal_a_int=\count291
\l__seq_internal_b_int=\count292
\c__deprecation_minus_one=\count293
)
(C:\Users\donvd\AppData\Roaming\MiKTeX\2.9\tex/latex/l3kernel\l3pdfmode.def
File: l3pdfmode.def 2019-04-06 v L3 Experimental driver: PDF mode
\l__driver_internal_box=\box61
\l__driver_color_stack_int=\count294
))
Package: xparse 2019-05-28 L3 Experimental document command parser
\l__xparse_current_arg_int=\count295
\g__xparse_grabber_int=\count296
\l__xparse_m_args_int=\count297
\l__xparse_v_nesting_int=\count298
)
("C:\Program Files\MiKTeX 2.9\tex/latex/oberdiek\letltxmacro.sty"
Package: letltxmacro 2016/05/16 v1.5 Let assignment for LaTeX macros (HO)
)
(C:\Users\donvd\AppData\Roaming\MiKTeX\2.9\tex/latex/xstring\xstring.sty
(C:\Users\donvd\AppData\Roaming\MiKTeX\2.9\tex/generic/xstring\xstring.tex
\integerpart=\count299
\decimalpart=\count300
)
Package: xstring 2019/02/06 v1.83 String manipulations (CT)
)
\tikzscale@measuredSize=\box62
)
\tikzscale@accuracy=\skip64

(CautionaryNoteEstimatingEffectSize.aux)
\openout1 = `CautionaryNoteEstimatingEffectSize.aux'.

LaTeX Font Info:    Checking defaults for OML/cmm/m/it on input line 86.
LaTeX Font Info:    ... okay on input line 86.
LaTeX Font Info:    Checking defaults for T1/cmr/m/n on input line 86.
LaTeX Font Info:    ... okay on input line 86.
LaTeX Font Info:    Checking defaults for OT1/cmr/m/n on input line 86.
LaTeX Font Info:    ... okay on input line 86.
LaTeX Font Info:    Checking defaults for OMS/cmsy/m/n on input line 86.
LaTeX Font Info:    ... okay on input line 86.
LaTeX Font Info:    Checking defaults for OMX/cmex/m/n on input line 86.
LaTeX Font Info:    ... okay on input line 86.
LaTeX Font Info:    Checking defaults for U/cmr/m/n on input line 86.
LaTeX Font Info:    ... okay on input line 86.

(C:\Users\donvd\AppData\Roaming\MiKTeX\2.9\tex/latex/ucs\ucsencs.def
File: ucsencs.def 2011/01/21 Fixes to fontencodings LGR, T3
)
\c@maskedRefs=\count301

(C:\Users\donvd\AppData\Roaming\MiKTeX\2.9\tex/latex/apacite\english.apc
File: english.apc 2013/07/21 v6.03 apacite language file
LaTeX Info: Redefining \BPBI on input line 129.
LaTeX Info: Redefining \BHBI on input line 130.
)
(C:\Users\donvd\AppData\Roaming\MiKTeX\2.9\tex/context/base/mkii\supp-pdf.mkii
[Loading MPS to PDF converter (version 2006.09.02).]
\scratchcounter=\count302
\scratchdimen=\dimen269
\scratchbox=\box63
\nofMPsegments=\count303
\nofMParguments=\count304
\everyMPshowfont=\toks44
\MPscratchCnt=\count305
\MPscratchDim=\dimen270
\MPnumerator=\count306
\makeMPintoPDFobject=\count307
\everyMPtoPDFconversion=\toks45
) ("C:\Program Files\MiKTeX 2.9\tex/latex/oberdiek\epstopdf-base.sty"
Package: epstopdf-base 2016/05/15 v2.6 Base part for package epstopdf

("C:\Program Files\MiKTeX 2.9\tex/generic/oberdiek\infwarerr.sty"
Package: infwarerr 2016/05/16 v1.4 Providing info/warning/error messages (HO)
)
("C:\Program Files\MiKTeX 2.9\tex/latex/oberdiek\grfext.sty"
Package: grfext 2016/05/16 v1.2 Manage graphics extensions (HO)

("C:\Program Files\MiKTeX 2.9\tex/generic/oberdiek\kvdefinekeys.sty"
Package: kvdefinekeys 2016/05/16 v1.4 Define keys (HO)

("C:\Program Files\MiKTeX 2.9\tex/generic/oberdiek\ltxcmds.sty"
Package: ltxcmds 2016/05/16 v1.23 LaTeX kernel commands for general use (HO)
)))
("C:\Program Files\MiKTeX 2.9\tex/latex/oberdiek\kvoptions.sty"
Package: kvoptions 2016/05/16 v3.12 Key value format for package options (HO)

("C:\Program Files\MiKTeX 2.9\tex/generic/oberdiek\kvsetkeys.sty"
Package: kvsetkeys 2016/05/16 v1.17 Key value parser (HO)

("C:\Program Files\MiKTeX 2.9\tex/generic/oberdiek\etexcmds.sty"
Package: etexcmds 2016/05/16 v1.6 Avoid name clashes with e-TeX commands (HO)

("C:\Program Files\MiKTeX 2.9\tex/generic/oberdiek\ifluatex.sty"
Package: ifluatex 2016/05/16 v1.4 Provides the ifluatex switch (HO)
Package ifluatex Info: LuaTeX not detected.
))))
("C:\Program Files\MiKTeX 2.9\tex/generic/oberdiek\pdftexcmds.sty"
Package: pdftexcmds 2018/09/10 v0.29 Utility functions of pdfTeX for LuaTeX (HO
)

("C:\Program Files\MiKTeX 2.9\tex/generic/oberdiek\ifpdf.sty"
Package: ifpdf 2018/09/07 v3.3 Provides the ifpdf switch
)
Package pdftexcmds Info: LuaTeX not detected.
Package pdftexcmds Info: \pdf@primitive is available.
Package pdftexcmds Info: \pdf@ifprimitive is available.
Package pdftexcmds Info: \pdfdraftmode found.
)
Package epstopdf-base Info: Redefining graphics rule for `.eps' on input line 4
38.
Package grfext Info: Graphics extension search list:
(grfext)             [.tikz,.TIKZ,.TikZ,.pgf,.PGF,.pdf,.png,.jpg,.mps,.jpeg,.jb
ig2,.jb2,.PDF,.PNG,.JPG,.JPEG,.JBIG2,.JB2,.eps]
(grfext)             \AppendGraphicsExtensions on input line 456.
)
ABD: EveryShipout initializing macros

Package pgfplots Warning: running in backwards compatibility mode (unsuitable t
ick labels; missing features). Consider writing \pgfplotsset{compat=1.16} into 
your preamble.
 on input line 86.

PGFPlots: reading {../tables//effectSizeExample.csv}

Package pgfplots Warning: Table '../tables//effectSizeExample.csv' has an empty
 column name; replacing it by '0'' on input line 87.

 [warning /pgfplots/warning/empty column name]
PGFPlots: reading {../tables//posteriorProbH0.csv}

Package pgfplots Warning: Table '../tables//posteriorProbH0.csv' has an empty c
olumn name; replacing it by '0'' on input line 88.

 [warning /pgfplots/warning/empty column name]
(CautionaryNoteEstimatingEffectSize.tdo)
\tf@tdo=\write4
\openout4 = `CautionaryNoteEstimatingEffectSize.tdo'.

 [1

{C:/Users/donvd/AppData/Local/MiKTeX/2.9/pdftex/config/pdftex.map}]
LaTeX Font Info:    Try loading font information for OMS+cmr on input line 93.

("C:\Program Files\MiKTeX 2.9\tex/latex/base\omscmr.fd"
File: omscmr.fd 2014/09/29 v2.5h Standard LaTeX font definitions
)
LaTeX Font Info:    Font shape `OMS/cmr/m/n' in size <8> not available
(Font)              Font shape `OMS/cmsy/m/n' tried instead on input line 93.
LaTeX Font Info:    Font shape `OMS/cmr/m/n' in size <6> not available
(Font)              Font shape `OMS/cmsy/m/n' tried instead on input line 93.
<../figures/descriptivesPlot.pdf, id=36, 1300.86pt x 505.89pt>
File: ../figures/descriptivesPlot.pdf Graphic file (type pdf)
<use ../figures/descriptivesPlot.pdf>
Package pdftex.def Info: ../figures/descriptivesPlot.pdf  used on input line 10
3.
(pdftex.def)             Requested size: 345.0pt x 134.16055pt.
 [2]
Overfull \hbox (4.93762pt too wide) in paragraph at lines 117--117
[][]\OT1/cmr/m/n/10 (\OML/cmm/m/it/10 x \OMS/cmsy/m/n/10   
 []


Overfull \hbox (4.93762pt too wide) in paragraph at lines 117--117
[][]\OT1/cmr/m/n/10 (\OML/cmm/m/it/10 x \OMS/cmsy/m/n/10   
 []

<../figures/spikeAndSlabPosteriorRescaledPosteriorMode.pdf, id=49, 1011.78pt x 
505.89pt>
File: ../figures/spikeAndSlabPosteriorRescaledPosteriorMode.pdf Graphic file (t
ype pdf)
<use ../figures/spikeAndSlabPosteriorRescaledPosteriorMode.pdf>
Package pdftex.def Info: ../figures/spikeAndSlabPosteriorRescaledPosteriorMode.
pdf  used on input line 123.
(pdftex.def)             Requested size: 310.4979pt x 155.24954pt.
[3 <../figures/descriptivesPlot.pdf>] [4 <../figures/spikeAndSlabPosteriorResca
ledPosteriorMode.pdf>] (CautionaryNoteEstimatingEffectSize.bbl [5]) [6]
(CautionaryNoteEstimatingEffectSize.aux) ) 
Here is how much of TeX's memory you used:
 35272 strings out of 492895
 842499 string characters out of 3133479
 993884 words of memory out of 3000000
 38672 multiletter control sequences out of 15000+200000
 538535 words of font info for 46 fonts, out of 3000000 for 9000
 1141 hyphenation exceptions out of 8191
 69i,9n,98p,1620b,990s stack positions out of 5000i,500n,10000p,200000b,50000s
<C:/Program Files/MiKTeX 2.9/fonts/ty
pe1/public/amsfonts/cm/cmbx10.pfb><C:/Program Files/MiKTeX 2.9/fonts/type1/publ
ic/amsfonts/cm/cmbx12.pfb><C:/Program Files/MiKTeX 2.9/fonts/type1/public/amsfo
nts/cm/cmbx9.pfb><C:/Program Files/MiKTeX 2.9/fonts/type1/public/amsfonts/cm/cm
mi10.pfb><C:/Program Files/MiKTeX 2.9/fonts/type1/public/amsfonts/cm/cmmi7.pfb>
<C:/Program Files/MiKTeX 2.9/fonts/type1/public/amsfonts/cm/cmmi8.pfb><C:/Progr
am Files/MiKTeX 2.9/fonts/type1/public/amsfonts/cm/cmr10.pfb><C:/Program Files/
MiKTeX 2.9/fonts/type1/public/amsfonts/cm/cmr12.pfb><C:/Program Files/MiKTeX 2.
9/fonts/type1/public/amsfonts/cm/cmr17.pfb><C:/Program Files/MiKTeX 2.9/fonts/t
ype1/public/amsfonts/cm/cmr6.pfb><C:/Program Files/MiKTeX 2.9/fonts/type1/publi
c/amsfonts/cm/cmr7.pfb><C:/Program Files/MiKTeX 2.9/fonts/type1/public/amsfonts
/cm/cmr8.pfb><C:/Program Files/MiKTeX 2.9/fonts/type1/public/amsfonts/cm/cmr9.p
fb><C:/Program Files/MiKTeX 2.9/fonts/type1/public/amsfonts/cm/cmsy10.pfb><C:/P
rogram Files/MiKTeX 2.9/fonts/type1/public/amsfonts/cm/cmsy6.pfb><C:/Program Fi
les/MiKTeX 2.9/fonts/type1/public/amsfonts/cm/cmsy8.pfb><C:/Program Files/MiKTe
X 2.9/fonts/type1/public/amsfonts/cm/cmti10.pfb><C:/Program Files/MiKTeX 2.9/fo
nts/type1/public/amsfonts/cm/cmtt8.pfb>
Output written on CautionaryNoteEstimatingEffectSize.pdf (6 pages, 291960 bytes
).
PDF statistics:
 135 PDF objects out of 1000 (max. 8388607)
 0 named destinations out of 1000 (max. 500000)
 119 words of extra memory for PDF output out of 10000 (max. 10000000)

